2025-12-28 20:55:55,481 [INFO] 加载文档...
2025-12-28 20:55:55,802 [INFO] 加载的列: ['PMID', 'Title', 'Abstract', 'Year', 'Journal']
2025-12-28 20:55:55,803 [INFO] 加载了 31617 个文档
2025-12-28 20:55:55,803 [INFO] 
======================================================================
2025-12-28 20:55:55,803 [INFO] 处理版本: M_S_B_Anatomy
2025-12-28 20:55:55,803 [INFO] ======================================================================
2025-12-28 20:55:56,069 [INFO] [M_S_B_Anatomy] 加载向量: shape=(31617, 384)
2025-12-28 20:55:56,070 [INFO] [M_S_B_Anatomy] 开始 BERTopic 聚类...
2025-12-28 20:55:56,070 [INFO] [M_S_B_Anatomy] 尝试 HDBSCAN min_cluster_size=20
2025-12-28 20:55:56,071 [INFO] [M_S_B_Anatomy] 拟合 BERTopic...
2025-12-28 20:55:56,084 [INFO] Use pytorch device_name: cpu
2025-12-28 20:55:56,084 [INFO] Load pretrained SentenceTransformer: all-MiniLM-L6-v2
2025-12-28 20:56:04,096 - BERTopic - Dimensionality - Fitting the dimensionality reduction algorithm
2025-12-28 20:56:36,652 - BERTopic - Dimensionality - Completed \u2713
2025-12-28 20:56:36,653 - BERTopic - Cluster - Start clustering the reduced embeddings
2025-12-28 20:57:27,555 - BERTopic - Cluster - Completed \u2713
2025-12-28 20:57:27,559 - BERTopic - Representation - Fine-tuning topics using representation models.
2025-12-28 20:57:29,639 - BERTopic - Representation - Completed \u2713
2025-12-28 20:57:31,378 [INFO] [M_S_B_Anatomy] 拟合完成（mc=20）
2025-12-28 20:57:38,807 [INFO] [M_S_B_Anatomy] 保存模型到 ablation_outputs\M_S_B_Anatomy\bertopic_results\topic_model.pkl
2025-12-28 20:57:38,823 [INFO] [M_S_B_Anatomy] 保存主题信息到 ablation_outputs\M_S_B_Anatomy\bertopic_results\topic_info.csv
2025-12-28 20:57:38,859 [INFO] [M_S_B_Anatomy] 保存文档-主题映射到 ablation_outputs\M_S_B_Anatomy\bertopic_results\topics.csv
2025-12-28 20:57:38,859 [INFO] [M_S_B_Anatomy] 生成 2D UMAP 可视化...
2025-12-28 20:57:53,112 [INFO] [M_S_B_Anatomy] 保存 2D UMAP 到 ablation_outputs\M_S_B_Anatomy\bertopic_results\embeddings_2d.csv
2025-12-28 20:57:53,113 [INFO] [M_S_B_Anatomy] 主题数: 259, 噪声文档: 10847 (34.31%)
2025-12-28 20:57:53,113 [WARNING] [M_S_B_Anatomy] 无法计算 C_v 分数: 'BERTopic' object has no attribute 'calculate_topic_model_quality'
2025-12-28 20:57:53,287 [INFO] [M_S_B_Anatomy] \u2713 完成
2025-12-28 20:57:53,287 [INFO] 
======================================================================
2025-12-28 20:57:53,287 [INFO] 消融实验对比
2025-12-28 20:57:53,287 [INFO] ======================================================================

2025-12-28 20:57:53,288 [INFO] 
对比表已保存到: ablation_outputs\ablation_comparison_table.csv
2025-12-28 20:58:02,548 [INFO] 详细结果已保存到: ablation_outputs\ablation_bertopic_results.json
2025-12-28 20:58:02,548 [INFO] 
\u2713 所有版本处理完成
           版本  主题数  噪声文档   噪声比例 C_v 分数
M_S_B_Anatomy  259 10847 34.31%    N/A
